2020-03-31 10:39:47,010 INFO [main] o.a.n.b.NotificationServiceManager Successfully loaded the following 0 services: []
2020-03-31 10:39:47,018 INFO [main] org.apache.nifi.bootstrap.RunNiFi Registered no Notification Services for Notification Type NIFI_STARTED
2020-03-31 10:39:47,018 INFO [main] org.apache.nifi.bootstrap.RunNiFi Registered no Notification Services for Notification Type NIFI_STOPPED
2020-03-31 10:39:47,018 INFO [main] org.apache.nifi.bootstrap.RunNiFi Registered no Notification Services for Notification Type NIFI_DIED
2020-03-31 10:39:47,024 INFO [main] org.apache.nifi.bootstrap.RunNiFi Runtime Java version: 1.8.0_242
2020-03-31 10:39:47,035 INFO [main] org.apache.nifi.bootstrap.Command Starting Apache NiFi...
2020-03-31 10:39:47,037 INFO [main] org.apache.nifi.bootstrap.Command Working Directory: /home/ubuntu/nifi-1.11.4
2020-03-31 10:39:47,037 INFO [main] org.apache.nifi.bootstrap.Command Command: java -classpath /home/ubuntu/nifi-1.11.4/./conf:/home/ubuntu/nifi-1.11.4/./lib/javax.servlet-api-3.1.0.jar:/home/ubuntu/nifi-1.11.4/./lib/jcl-over-slf4j-1.7.30.jar:/home/ubuntu/nifi-1.11.4/./lib/nifi-nar-utils-1.11.4.jar:/home/ubuntu/nifi-1.11.4/./lib/log4j-over-slf4j-1.7.30.jar:/home/ubuntu/nifi-1.11.4/./lib/jetty-schemas-3.1.jar:/home/ubuntu/nifi-1.11.4/./lib/nifi-api-1.11.4.jar:/home/ubuntu/nifi-1.11.4/./lib/jul-to-slf4j-1.7.30.jar:/home/ubuntu/nifi-1.11.4/./lib/nifi-runtime-1.11.4.jar:/home/ubuntu/nifi-1.11.4/./lib/slf4j-api-1.7.30.jar:/home/ubuntu/nifi-1.11.4/./lib/logback-core-1.2.3.jar:/home/ubuntu/nifi-1.11.4/./lib/nifi-framework-api-1.11.4.jar:/home/ubuntu/nifi-1.11.4/./lib/nifi-properties-1.11.4.jar:/home/ubuntu/nifi-1.11.4/./lib/logback-classic-1.2.3.jar -Dorg.apache.jasper.compiler.disablejsr199=true -Xmx512m -Xms512m -Djavax.security.auth.useSubjectCredsOnly=true -Djava.security.egd=file:/dev/urandom -Dsun.net.http.allowRestrictedHeaders=true -Djava.net.preferIPv4Stack=true -Djava.awt.headless=true -Djava.protocol.handler.pkgs=sun.net.www.protocol -Dzookeeper.admin.enableServer=false -Dnifi.properties.file.path=/home/ubuntu/nifi-1.11.4/./conf/nifi.properties -Dnifi.bootstrap.listen.port=33307 -Dapp=NiFi -Dorg.apache.nifi.bootstrap.config.log.dir=/home/ubuntu/nifi-1.11.4/logs org.apache.nifi.NiFi 
2020-03-31 10:39:47,086 INFO [main] org.apache.nifi.bootstrap.Command Launched Apache NiFi with Process ID 7710
2020-03-31 10:39:48,448 INFO [NiFi Bootstrap Command Listener] org.apache.nifi.bootstrap.RunNiFi Apache NiFi now running and listening for Bootstrap requests on port 34041
2020-03-31 10:40:51,362 ERROR [NiFi logging handler] org.apache.nifi.StdErr Failed to start web server: Failed to bind to 0.0.0.0/0.0.0.0:8080
2020-03-31 10:40:51,363 ERROR [NiFi logging handler] org.apache.nifi.StdErr Shutting down...
2020-03-31 10:40:52,118 INFO [main] org.apache.nifi.bootstrap.RunNiFi NiFi never started. Will not restart NiFi
2020-03-31 10:42:14,187 INFO [main] o.a.n.b.NotificationServiceManager Successfully loaded the following 0 services: []
2020-03-31 10:42:14,195 INFO [main] org.apache.nifi.bootstrap.RunNiFi Registered no Notification Services for Notification Type NIFI_STARTED
2020-03-31 10:42:14,195 INFO [main] org.apache.nifi.bootstrap.RunNiFi Registered no Notification Services for Notification Type NIFI_STOPPED
2020-03-31 10:42:14,195 INFO [main] org.apache.nifi.bootstrap.RunNiFi Registered no Notification Services for Notification Type NIFI_DIED
2020-03-31 10:42:14,234 INFO [main] org.apache.nifi.bootstrap.RunNiFi Runtime Java version: 1.8.0_242
2020-03-31 10:42:14,251 INFO [main] org.apache.nifi.bootstrap.Command Starting Apache NiFi...
2020-03-31 10:42:14,251 INFO [main] org.apache.nifi.bootstrap.Command Working Directory: /home/ubuntu/nifi-1.11.4
2020-03-31 10:42:14,251 INFO [main] org.apache.nifi.bootstrap.Command Command: java -classpath /home/ubuntu/nifi-1.11.4/./conf:/home/ubuntu/nifi-1.11.4/./lib/javax.servlet-api-3.1.0.jar:/home/ubuntu/nifi-1.11.4/./lib/jcl-over-slf4j-1.7.30.jar:/home/ubuntu/nifi-1.11.4/./lib/nifi-nar-utils-1.11.4.jar:/home/ubuntu/nifi-1.11.4/./lib/log4j-over-slf4j-1.7.30.jar:/home/ubuntu/nifi-1.11.4/./lib/jetty-schemas-3.1.jar:/home/ubuntu/nifi-1.11.4/./lib/nifi-api-1.11.4.jar:/home/ubuntu/nifi-1.11.4/./lib/jul-to-slf4j-1.7.30.jar:/home/ubuntu/nifi-1.11.4/./lib/nifi-runtime-1.11.4.jar:/home/ubuntu/nifi-1.11.4/./lib/slf4j-api-1.7.30.jar:/home/ubuntu/nifi-1.11.4/./lib/logback-core-1.2.3.jar:/home/ubuntu/nifi-1.11.4/./lib/nifi-framework-api-1.11.4.jar:/home/ubuntu/nifi-1.11.4/./lib/nifi-properties-1.11.4.jar:/home/ubuntu/nifi-1.11.4/./lib/logback-classic-1.2.3.jar -Dorg.apache.jasper.compiler.disablejsr199=true -Xmx512m -Xms512m -Djavax.security.auth.useSubjectCredsOnly=true -Djava.security.egd=file:/dev/urandom -Dsun.net.http.allowRestrictedHeaders=true -Djava.net.preferIPv4Stack=true -Djava.awt.headless=true -Djava.protocol.handler.pkgs=sun.net.www.protocol -Dzookeeper.admin.enableServer=false -Dnifi.properties.file.path=/home/ubuntu/nifi-1.11.4/./conf/nifi.properties -Dnifi.bootstrap.listen.port=35205 -Dapp=NiFi -Dorg.apache.nifi.bootstrap.config.log.dir=/home/ubuntu/nifi-1.11.4/logs org.apache.nifi.NiFi 
2020-03-31 10:42:14,282 INFO [main] org.apache.nifi.bootstrap.Command Launched Apache NiFi with Process ID 7848
2020-03-31 10:42:15,591 INFO [NiFi Bootstrap Command Listener] org.apache.nifi.bootstrap.RunNiFi Apache NiFi now running and listening for Bootstrap requests on port 41727
